{
  message: 'Channel closed',
  stack: 'IllegalOperationError: Channel closed\n' +
    '    at Channel.<anonymous> (/Users/muhammadrasulrustam/Documents/Backend/js/medium-rabbitmq-nodejs-main/service-one/node_modules/amqplib/lib/channel.js:160:11)\n' +
    '    at Channel.C.publish (/Users/muhammadrasulrustam/Documents/Backend/js/medium-rabbitmq-nodejs-main/service-one/node_modules/amqplib/lib/channel_model.js:158:15)\n' +
    '    at Channel.C.sendToQueue (/Users/muhammadrasulrustam/Documents/Backend/js/medium-rabbitmq-nodejs-main/service-one/node_modules/amqplib/lib/channel_model.js:162:15)\n' +
    '    at /Users/muhammadrasulrustam/Documents/Backend/js/medium-rabbitmq-nodejs-main/service-one/index.js:45:21\n' +
    '    at new Promise (<anonymous>)\n' +
    '    at sendData (/Users/muhammadrasulrustam/Documents/Backend/js/medium-rabbitmq-nodejs-main/service-one/index.js:42:12)\n' +
    '    at /Users/muhammadrasulrustam/Documents/Backend/js/medium-rabbitmq-nodejs-main/service-one/index.js:74:22\n' +
    '    at Layer.handle [as handle_request] (/Users/muhammadrasulrustam/Documents/Backend/js/medium-rabbitmq-nodejs-main/service-one/node_modules/express/lib/router/layer.js:95:5)\n' +
    '    at next (/Users/muhammadrasulrustam/Documents/Backend/js/medium-rabbitmq-nodejs-main/service-one/node_modules/express/lib/router/route.js:144:13)\n' +
    '    at Route.dispatch (/Users/muhammadrasulrustam/Documents/Backend/js/medium-rabbitmq-nodejs-main/service-one/node_modules/express/lib/router/route.js:114:3)\n' +
    '    at Layer.handle [as handle_request] (/Users/muhammadrasulrustam/Documents/Backend/js/medium-rabbitmq-nodejs-main/service-one/node_modules/express/lib/router/layer.js:95:5)\n' +
    '    at /Users/muhammadrasulrustam/Documents/Backend/js/medium-rabbitmq-nodejs-main/service-one/node_modules/express/lib/router/index.js:284:15\n' +
    '    at Function.process_params (/Users/muhammadrasulrustam/Documents/Backend/js/medium-rabbitmq-nodejs-main/service-one/node_modules/express/lib/router/index.js:346:12)\n' +
    '    at next (/Users/muhammadrasulrustam/Documents/Backend/js/medium-rabbitmq-nodejs-main/service-one/node_modules/express/lib/router/index.js:280:10)\n' +
    '    at /Users/muhammadrasulrustam/Documents/Backend/js/medium-rabbitmq-nodejs-main/service-one/node_modules/body-parser/lib/read.js:137:5',
  stackAtStateChange: `Stack capture: Connection closed: 320 (CONNECTION-FORCED) with message "CONNECTION_FORCED - broker forced connection closure with reason 'shutdown'"\n` +
    '    at Object.accept (/Users/muhammadrasulrustam/Documents/Backend/js/medium-rabbitmq-nodejs-main/service-one/node_modules/amqplib/lib/connection.js:90:15)\n' +
    '    at Connection.mainAccept [as accept] (/Users/muhammadrasulrustam/Documents/Backend/js/medium-rabbitmq-nodejs-main/service-one/node_modules/amqplib/lib/connection.js:64:33)\n' +
    '    at Socket.go (/Users/muhammadrasulrustam/Documents/Backend/js/medium-rabbitmq-nodejs-main/service-one/node_modules/amqplib/lib/connection.js:478:48)\n' +
    '    at Socket.emit (node:events:513:28)\n' +
    '    at emitReadable_ (node:internal/streams/readable:578:12)\n' +
    '    at processTicksAndRejections (node:internal/process/task_queues:82:21)',
  level: 'error',
  timestamp: '2023-08-09T08:39:24.483Z'
}
